Traceback (most recent call last):
  File "C:\Users\Dell\AppData\Local\Programs\Python\Python314\Lib\site-packages\jupyter_cache\executors\utils.py", line 58, in single_nb_execution
    executenb(
    ~~~~~~~~~^
        nb,
        ^^^
    ...<4 lines>...
        **kwargs,
        ^^^^^^^^^
    )
    ^
  File "C:\Users\Dell\AppData\Local\Programs\Python\Python314\Lib\site-packages\nbclient\client.py", line 1323, in execute
    return NotebookClient(nb=nb, resources=resources, km=km, **kwargs).execute()
           ~~~~~~~~~~~~~~~~~~~~~~~~~~~~~~~~~~~~~~~~~~~~~~~~~~~~~~~~~~~~~~~~~~~^^
  File "C:\Users\Dell\AppData\Local\Programs\Python\Python314\Lib\site-packages\jupyter_core\utils\__init__.py", line 165, in wrapped
    return loop.run_until_complete(inner)
           ~~~~~~~~~~~~~~~~~~~~~~~^^^^^^^
  File "C:\Users\Dell\AppData\Local\Programs\Python\Python314\Lib\asyncio\base_events.py", line 719, in run_until_complete
    return future.result()
           ~~~~~~~~~~~~~^^
  File "C:\Users\Dell\AppData\Local\Programs\Python\Python314\Lib\site-packages\nbclient\client.py", line 709, in async_execute
    await self.async_execute_cell(
        cell, index, execution_count=self.code_cells_executed + 1
    )
  File "C:\Users\Dell\AppData\Local\Programs\Python\Python314\Lib\site-packages\nbclient\client.py", line 1062, in async_execute_cell
    await self._check_raise_for_error(cell, cell_index, exec_reply)
  File "C:\Users\Dell\AppData\Local\Programs\Python\Python314\Lib\site-packages\nbclient\client.py", line 918, in _check_raise_for_error
    raise CellExecutionError.from_cell_and_msg(cell, exec_reply_content)
nbclient.exceptions.CellExecutionError: An error occurred while executing the following cell:
------------------
# Cek Missing Values
print("Cek Data Kosong:")
print(df.isnull().sum())

# Cek Variasi Kategori (Atribut Nominal)
print("\nJumlah Aplikasi unik per Kategori:")
print(df['Category'].value_counts().head(10))

# Cek Distribusi Tipe (Atribut Binary)
print("\nPerbandingan Free vs Paid:")
print(df['Type'].value_counts(normalize=True) * 100)
------------------

----- stdout -----
Cek Data Kosong:
------------------

[31m---------------------------------------------------------------------------[39m
[31mNameError[39m                                 Traceback (most recent call last)
[36mCell[39m[36m [39m[32mIn[1][39m[32m, line 3[39m
[32m      1[39m [38;5;66;03m# Cek Missing Values[39;00m
[32m      2[39m [38;5;28mprint[39m([33m"[39m[33mCek Data Kosong:[39m[33m"[39m)
[32m----> [39m[32m3[39m [38;5;28mprint[39m([43mdf[49m.isnull().sum())
[32m      5[39m [38;5;66;03m# Cek Variasi Kategori (Atribut Nominal)[39;00m
[32m      6[39m [38;5;28mprint[39m([33m"[39m[38;5;130;01m\n[39;00m[33mJumlah Aplikasi unik per Kategori:[39m[33m"[39m)

[31mNameError[39m: name 'df' is not defined

